android/app/build/intermediates/manifest_merge_blame_file/debug/manifest-merger-blame-debug-report.txt
1<?xml version="1.0" encoding="utf-8"?>
2<manifest xmlns:android="http://schemas.android.com/apk/res/android"
3    package="com.papercollection"
4    android:versionCode="1"
5    android:versionName="1.0" >
6
7    <uses-sdk
8        android:minSdkVersion="21"
9        android:targetSdkVersion="34" />
10
11    <uses-permission android:name="android.permission.INTERNET" />
11-->src/main/AndroidManifest.xml:3:5-67
11-->src/main/AndroidManifest.xml:3:22-64
12    <uses-permission android:name="android.permission.CAMERA" />
12-->src/main/AndroidManifest.xml:4:5-65
12-->src/main/AndroidManifest.xml:4:22-62
13    <uses-permission android:name="android.permission.READ_MEDIA_IMAGES" />
13-->src/main/AndroidManifest.xml:5:5-76
13-->src/main/AndroidManifest.xml:5:22-73
14    <!--
15         Required to keep CPU alive while downloading files
16        (NOT to keep screen awake)
17    -->
18    <uses-permission android:name="android.permission.WAKE_LOCK" />
18-->[:react-native-blob-util] AndroidManifest.xml:14:5-68
18-->[:react-native-blob-util] AndroidManifest.xml:14:22-65
19    <!--
20         Required to poll the state of the network connection
21        and respond to changes
22    -->
23    <uses-permission android:name="android.permission.ACCESS_NETWORK_STATE" /> <!-- Required to check whether Wi-Fi is enabled -->
23-->[:react-native-blob-util] AndroidManifest.xml:20:5-79
23-->[:react-native-blob-util] AndroidManifest.xml:20:22-76
24    <uses-permission android:name="android.permission.ACCESS_WIFI_STATE" /> <!-- Required to read and write the expansion files on shared storage -->
24-->[:react-native-blob-util] AndroidManifest.xml:23:5-76
24-->[:react-native-blob-util] AndroidManifest.xml:23:22-73
25    <uses-permission android:name="android.permission.WRITE_EXTERNAL_STORAGE" /> <!-- Required to read and write the expansion files on shared storage for Android 11 -->
25-->[:react-native-blob-util] AndroidManifest.xml:26:5-81
25-->[:react-native-blob-util] AndroidManifest.xml:26:22-78
26    <uses-permission android:name="android.permission.READ_EXTERNAL_STORAGE" /> <!-- Required to to download files without a notification -->
26-->[:react-native-blob-util] AndroidManifest.xml:29:5-80
26-->[:react-native-blob-util] AndroidManifest.xml:29:22-77
27    <uses-permission android:name="android.permission.DOWNLOAD_WITHOUT_NOTIFICATION" />
27-->[:react-native-blob-util] AndroidManifest.xml:32:5-88
27-->[:react-native-blob-util] AndroidManifest.xml:32:22-85
28    <uses-permission android:name="android.permission.VIBRATE" /> <!-- Required to access Google Play Licensing -->
28-->[:react-native-haptic-feedback] AndroidManifest.xml:7:5-66
28-->[:react-native-haptic-feedback] AndroidManifest.xml:7:22-63
29    <uses-permission android:name="com.android.vending.CHECK_LICENSE" />
29-->[:rn-fetch-blob] AndroidManifest.xml:8:5-73
29-->[:rn-fetch-blob] AndroidManifest.xml:8:22-70
30    <!--
31    This manifest file is used only by Gradle to configure debug-only capabilities
32    for React Native Apps.
33    -->
34    <uses-permission android:name="android.permission.SYSTEM_ALERT_WINDOW" />
34-->[com.facebook.react:react-android:0.73.4] AndroidManifest.xml:16:5-78
34-->[com.facebook.react:react-android:0.73.4] AndroidManifest.xml:16:22-75
35
36    <permission
36-->[androidx.core:core:1.9.0] AndroidManifest.xml:22:5-24:47
37        android:name="com.papercollection.DYNAMIC_RECEIVER_NOT_EXPORTED_PERMISSION"
37-->[androidx.core:core:1.9.0] AndroidManifest.xml:23:9-81
38        android:protectionLevel="signature" />
38-->[androidx.core:core:1.9.0] AndroidManifest.xml:24:9-44
39
40    <uses-permission android:name="com.papercollection.DYNAMIC_RECEIVER_NOT_EXPORTED_PERMISSION" />
40-->[androidx.core:core:1.9.0] AndroidManifest.xml:26:5-97
40-->[androidx.core:core:1.9.0] AndroidManifest.xml:26:22-94
41
42    <application
42-->src/main/AndroidManifest.xml:7:5-26:19
43        android:name="com.papercollection.MainApplication"
43-->src/main/AndroidManifest.xml:8:7-38
44        android:allowBackup="false"
44-->src/main/AndroidManifest.xml:12:7-34
45        android:appComponentFactory="androidx.core.app.CoreComponentFactory"
45-->[androidx.core:core:1.9.0] AndroidManifest.xml:28:18-86
46        android:debuggable="true"
47        android:extractNativeLibs="true"
48        android:icon="@mipmap/ic_launcher"
48-->src/main/AndroidManifest.xml:10:7-41
49        android:label="@string/app_name"
49-->src/main/AndroidManifest.xml:9:7-39
50        android:roundIcon="@mipmap/ic_launcher_round"
50-->src/main/AndroidManifest.xml:11:7-52
51        android:theme="@style/AppTheme"
51-->src/main/AndroidManifest.xml:13:7-38
52        android:usesCleartextTraffic="true" >
52-->src/debug/AndroidManifest.xml:6:9-44
53        <activity
53-->src/main/AndroidManifest.xml:14:7-25:18
54            android:name="com.papercollection.MainActivity"
54-->src/main/AndroidManifest.xml:15:9-37
55            android:configChanges="keyboard|keyboardHidden|orientation|screenLayout|screenSize|smallestScreenSize|uiMode"
55-->src/main/AndroidManifest.xml:17:9-118
56            android:exported="true"
56-->src/main/AndroidManifest.xml:20:9-32
57            android:label="@string/app_name"
57-->src/main/AndroidManifest.xml:16:9-41
58            android:launchMode="singleTask"
58-->src/main/AndroidManifest.xml:18:9-40
59            android:windowSoftInputMode="adjustResize" >
59-->src/main/AndroidManifest.xml:19:9-51
60            <intent-filter>
60-->src/main/AndroidManifest.xml:21:9-24:25
61                <action android:name="android.intent.action.MAIN" />
61-->src/main/AndroidManifest.xml:22:13-65
61-->src/main/AndroidManifest.xml:22:21-62
62
63                <category android:name="android.intent.category.LAUNCHER" />
63-->src/main/AndroidManifest.xml:23:13-73
63-->src/main/AndroidManifest.xml:23:23-70
64            </intent-filter>
65        </activity>
66
67        <provider
67-->[:react-native-blob-util] AndroidManifest.xml:35:9-43:20
68            android:name="com.ReactNativeBlobUtil.Utils.FileProvider"
68-->[:react-native-blob-util] AndroidManifest.xml:36:13-70
69            android:authorities="com.papercollection.provider"
69-->[:react-native-blob-util] AndroidManifest.xml:37:13-60
70            android:exported="false"
70-->[:react-native-blob-util] AndroidManifest.xml:38:13-37
71            android:grantUriPermissions="true" >
71-->[:react-native-blob-util] AndroidManifest.xml:39:13-47
72            <meta-data
72-->[:react-native-blob-util] AndroidManifest.xml:40:13-42:58
73                android:name="android.support.FILE_PROVIDER_PATHS"
73-->[:react-native-blob-util] AndroidManifest.xml:41:17-67
74                android:resource="@xml/provider_paths" />
74-->[:react-native-blob-util] AndroidManifest.xml:42:17-55
75        </provider>
76        <provider
76-->[:react-native-image-picker] AndroidManifest.xml:8:9-16:20
77            android:name="com.imagepicker.ImagePickerProvider"
77-->[:react-native-image-picker] AndroidManifest.xml:9:13-63
78            android:authorities="com.papercollection.imagepickerprovider"
78-->[:react-native-image-picker] AndroidManifest.xml:10:13-71
79            android:exported="false"
79-->[:react-native-image-picker] AndroidManifest.xml:11:13-37
80            android:grantUriPermissions="true" >
80-->[:react-native-image-picker] AndroidManifest.xml:12:13-47
81            <meta-data
81-->[:react-native-blob-util] AndroidManifest.xml:40:13-42:58
82                android:name="android.support.FILE_PROVIDER_PATHS"
82-->[:react-native-blob-util] AndroidManifest.xml:41:17-67
83                android:resource="@xml/imagepicker_provider_paths" />
83-->[:react-native-blob-util] AndroidManifest.xml:42:17-55
84        </provider>
85        <provider
85-->[:rn-fetch-blob] AndroidManifest.xml:32:9-40:20
86            android:name="com.RNFetchBlob.Utils.FileProvider"
86-->[:rn-fetch-blob] AndroidManifest.xml:33:13-62
87            android:authorities="com.papercollection.provider"
87-->[:rn-fetch-blob] AndroidManifest.xml:34:13-60
88            android:exported="false"
88-->[:rn-fetch-blob] AndroidManifest.xml:35:13-37
89            android:grantUriPermissions="true" >
89-->[:rn-fetch-blob] AndroidManifest.xml:36:13-47
90            <meta-data
90-->[:react-native-blob-util] AndroidManifest.xml:40:13-42:58
91                android:name="android.support.FILE_PROVIDER_PATHS"
91-->[:react-native-blob-util] AndroidManifest.xml:41:17-67
92                android:resource="@xml/provider_paths" />
92-->[:react-native-blob-util] AndroidManifest.xml:42:17-55
93        </provider>
94
95        <activity
95-->[com.facebook.react:react-android:0.73.4] AndroidManifest.xml:19:9-21:40
96            android:name="com.facebook.react.devsupport.DevSettingsActivity"
96-->[com.facebook.react:react-android:0.73.4] AndroidManifest.xml:20:13-77
97            android:exported="false" />
97-->[com.facebook.react:react-android:0.73.4] AndroidManifest.xml:21:13-37
98
99        <provider
99-->[androidx.emoji2:emoji2:1.2.0] AndroidManifest.xml:24:9-32:20
100            android:name="androidx.startup.InitializationProvider"
100-->[androidx.emoji2:emoji2:1.2.0] AndroidManifest.xml:25:13-67
101            android:authorities="com.papercollection.androidx-startup"
101-->[androidx.emoji2:emoji2:1.2.0] AndroidManifest.xml:26:13-68
102            android:exported="false" >
102-->[androidx.emoji2:emoji2:1.2.0] AndroidManifest.xml:27:13-37
103            <meta-data
103-->[androidx.emoji2:emoji2:1.2.0] AndroidManifest.xml:29:13-31:52
104                android:name="androidx.emoji2.text.EmojiCompatInitializer"
104-->[androidx.emoji2:emoji2:1.2.0] AndroidManifest.xml:30:17-75
105                android:value="androidx.startup" />
105-->[androidx.emoji2:emoji2:1.2.0] AndroidManifest.xml:31:17-49
106            <meta-data
106-->[androidx.lifecycle:lifecycle-process:2.4.1] AndroidManifest.xml:31:13-33:52
107                android:name="androidx.lifecycle.ProcessLifecycleInitializer"
107-->[androidx.lifecycle:lifecycle-process:2.4.1] AndroidManifest.xml:32:17-78
108                android:value="androidx.startup" />
108-->[androidx.lifecycle:lifecycle-process:2.4.1] AndroidManifest.xml:33:17-49
109        </provider>
110
111        <meta-data
111-->[com.facebook.soloader:soloader:0.10.5] AndroidManifest.xml:12:9-14:37
112            android:name="com.facebook.soloader.enabled"
112-->[com.facebook.soloader:soloader:0.10.5] AndroidManifest.xml:13:13-57
113            android:value="false" />
113-->[com.facebook.soloader:soloader:0.10.5] AndroidManifest.xml:14:13-34
114    </application>
115
116</manifest>